# JRE version: OpenJDK Runtime Environment Temurin-21.0.8+9 (21.0.8+9) (build 21.0.8+9-LTS)
# Java VM: OpenJDK 64-Bit Server VM Temurin-21.0.8+9 (21.0.8+9-LTS, mixed mode, sharing, tiered, compressed oops, compressed class ptrs, parallel gc, windows-amd64)
GC Precious Log:
 CardTable entry size: 512
 CPUs: 12 total, 12 available
 Memory: 16298M
 Large Page Support: Disabled
 NUMA Support: Disabled
 Compressed Oops: Enabled (32-bit)
 Alignments: Space 512K, Generation 512K, Heap 2M
 Heap Min Capacity: 100M
 Heap Initial Capacity: 100M
 Heap Max Capacity: 2G
 Pre-touch: Disabled
 Parallel Workers: 10
Heap:
 PSYoungGen      total 8704K, used 8691K [0x00000000d5580000, 0x00000000d6700000, 0x0000000100000000)
  eden space 6656K, 100% used [0x00000000d5580000,0x00000000d5c00000,0x00000000d5c00000)
  from space 2048K, 99% used [0x00000000d5c00000,0x00000000d5dfcd70,0x00000000d5e00000)
  to   space 5120K, 23% used [0x00000000d6200000,0x00000000d6327d30,0x00000000d6700000)
 ParOldGen       total 271872K, used 271867K [0x0000000080000000, 0x0000000090980000, 0x00000000d5580000)
  object space 271872K, 99% used [0x0000000080000000,0x000000009097ef30,0x0000000090980000)
 Metaspace       used 58686K, committed 60096K, reserved 1114112K
  class space    used 6380K, committed 7040K, reserved 1048576K
GC Heap History (20 events):
Event: 6.155 GC heap after
{Heap after GC invocations=251 (full 3):
 PSYoungGen      total 4096K, used 1008K [0x00000000d5580000, 0x00000000d5d80000, 0x0000000100000000)
  eden space 3072K, 0% used [0x00000000d5580000,0x00000000d5580000,0x00000000d5880000)
  from space 1024K, 98% used [0x00000000d5a80000,0x00000000d5b7c320,0x00000000d5b80000)
  to   space 2048K, 0% used [0x00000000d5880000,0x00000000d5880000,0x00000000d5a80000)
 ParOldGen       total 261120K, used 259045K [0x0000000080000000, 0x000000008ff00000, 0x00000000d5580000)
  object space 261120K, 99% used [0x0000000080000000,0x000000008fcf94d8,0x000000008ff00000)
 Metaspace       used 58686K, committed 60096K, reserved 1114112K
  class space    used 6380K, committed 7040K, reserved 1048576K
}
Event: 6.157 GC heap before
{Heap before GC invocations=252 (full 3):
 PSYoungGen      total 4096K, used 4075K [0x00000000d5580000, 0x00000000d5d80000, 0x0000000100000000)
  eden space 3072K, 99% used [0x00000000d5580000,0x00000000d587eb98,0x00000000d5880000)
  from space 1024K, 98% used [0x00000000d5a80000,0x00000000d5b7c320,0x00000000d5b80000)
  to   space 2048K, 0% used [0x00000000d5880000,0x00000000d5880000,0x00000000d5a80000)
 ParOldGen       total 261120K, used 259045K [0x0000000080000000, 0x000000008ff00000, 0x00000000d5580000)
  object space 261120K, 99% used [0x0000000080000000,0x000000008fcf94d8,0x000000008ff00000)
 Metaspace       used 58686K, committed 60096K, reserved 1114112K
  class space    used 6380K, committed 7040K, reserved 1048576K
}
Event: 6.158 GC heap after
{Heap after GC invocations=252 (full 3):
 PSYoungGen      total 4096K, used 999K [0x00000000d5580000, 0x00000000d5b80000, 0x0000000100000000)
  eden space 3072K, 0% used [0x00000000d5580000,0x00000000d5580000,0x00000000d5880000)
  from space 1024K, 97% used [0x00000000d5880000,0x00000000d5979c90,0x00000000d5980000)
  to   space 1536K, 0% used [0x00000000d5a00000,0x00000000d5a00000,0x00000000d5b80000)
 ParOldGen       total 261120K, used 259931K [0x0000000080000000, 0x000000008ff00000, 0x00000000d5580000)
  object space 261120K, 99% used [0x0000000080000000,0x000000008fdd6e78,0x000000008ff00000)
 Metaspace       used 58686K, committed 60096K, reserved 1114112K
  class space    used 6380K, committed 7040K, reserved 1048576K
}
Event: 6.160 GC heap before
{Heap before GC invocations=253 (full 3):
 PSYoungGen      total 4096K, used 4071K [0x00000000d5580000, 0x00000000d5b80000, 0x0000000100000000)
  eden space 3072K, 100% used [0x00000000d5580000,0x00000000d5880000,0x00000000d5880000)
  from space 1024K, 97% used [0x00000000d5880000,0x00000000d5979c90,0x00000000d5980000)
  to   space 1536K, 0% used [0x00000000d5a00000,0x00000000d5a00000,0x00000000d5b80000)
 ParOldGen       total 261120K, used 259931K [0x0000000080000000, 0x000000008ff00000, 0x00000000d5580000)
  object space 261120K, 99% used [0x0000000080000000,0x000000008fdd6e78,0x000000008ff00000)
 Metaspace       used 58686K, committed 60096K, reserved 1114112K
  class space    used 6380K, committed 7040K, reserved 1048576K
}
Event: 6.160 GC heap after
{Heap after GC invocations=253 (full 3):
 PSYoungGen      total 4608K, used 1136K [0x00000000d5580000, 0x00000000d5c80000, 0x0000000100000000)
  eden space 3072K, 0% used [0x00000000d5580000,0x00000000d5580000,0x00000000d5880000)
  from space 1536K, 73% used [0x00000000d5a00000,0x00000000d5b1c080,0x00000000d5b80000)
  to   space 1536K, 0% used [0x00000000d5880000,0x00000000d5880000,0x00000000d5a00000)
 ParOldGen       total 261120K, used 260788K [0x0000000080000000, 0x000000008ff00000, 0x00000000d5580000)
  object space 261120K, 99% used [0x0000000080000000,0x000000008fead3c8,0x000000008ff00000)
 Metaspace       used 58686K, committed 60096K, reserved 1114112K
  class space    used 6380K, committed 7040K, reserved 1048576K
}
Event: 6.162 GC heap before
{Heap before GC invocations=254 (full 3):
 PSYoungGen      total 4608K, used 4208K [0x00000000d5580000, 0x00000000d5c80000, 0x0000000100000000)
  eden space 3072K, 100% used [0x00000000d5580000,0x00000000d5880000,0x00000000d5880000)
  from space 1536K, 73% used [0x00000000d5a00000,0x00000000d5b1c080,0x00000000d5b80000)
  to   space 1536K, 0% used [0x00000000d5880000,0x00000000d5880000,0x00000000d5a00000)
 ParOldGen       total 261120K, used 260788K [0x0000000080000000, 0x000000008ff00000, 0x00000000d5580000)
  object space 261120K, 99% used [0x0000000080000000,0x000000008fead3c8,0x000000008ff00000)
 Metaspace       used 58686K, committed 60096K, reserved 1114112K
  class space    used 6380K, committed 7040K, reserved 1048576K
}
Event: 6.163 GC heap after
{Heap after GC invocations=254 (full 3):
 PSYoungGen      total 4608K, used 1084K [0x00000000d5580000, 0x00000000d5c80000, 0x0000000100000000)
  eden space 3072K, 0% used [0x00000000d5580000,0x00000000d5580000,0x00000000d5880000)
  from space 1536K, 70% used [0x00000000d5880000,0x00000000d598f148,0x00000000d5a00000)
  to   space 1536K, 0% used [0x00000000d5b00000,0x00000000d5b00000,0x00000000d5c80000)
 ParOldGen       total 262144K, used 261795K [0x0000000080000000, 0x0000000090000000, 0x00000000d5580000)
  object space 262144K, 99% used [0x0000000080000000,0x000000008ffa8f28,0x0000000090000000)
 Metaspace       used 58686K, committed 60096K, reserved 1114112K
  class space    used 6380K, committed 7040K, reserved 1048576K
}
Event: 6.165 GC heap before
{Heap before GC invocations=255 (full 3):
 PSYoungGen      total 4608K, used 4143K [0x00000000d5580000, 0x00000000d5c80000, 0x0000000100000000)
  eden space 3072K, 99% used [0x00000000d5580000,0x00000000d587ce20,0x00000000d5880000)
  from space 1536K, 70% used [0x00000000d5880000,0x00000000d598f148,0x00000000d5a00000)
  to   space 1536K, 0% used [0x00000000d5b00000,0x00000000d5b00000,0x00000000d5c80000)
 ParOldGen       total 262144K, used 261795K [0x0000000080000000, 0x0000000090000000, 0x00000000d5580000)
  object space 262144K, 99% used [0x0000000080000000,0x000000008ffa8f28,0x0000000090000000)
 Metaspace       used 58686K, committed 60096K, reserved 1114112K
  class space    used 6380K, committed 7040K, reserved 1048576K
}
Event: 6.166 GC heap after
{Heap after GC invocations=255 (full 3):
 PSYoungGen      total 5632K, used 1201K [0x00000000d5580000, 0x00000000d5c80000, 0x0000000100000000)
  eden space 4096K, 0% used [0x00000000d5580000,0x00000000d5580000,0x00000000d5980000)
  from space 1536K, 78% used [0x00000000d5b00000,0x00000000d5c2c760,0x00000000d5c80000)
  to   space 1536K, 0% used [0x00000000d5980000,0x00000000d5980000,0x00000000d5b00000)
 ParOldGen       total 263168K, used 262761K [0x0000000080000000, 0x0000000090100000, 0x00000000d5580000)
  object space 263168K, 99% used [0x0000000080000000,0x000000009009a6a0,0x0000000090100000)
 Metaspace       used 58686K, committed 60096K, reserved 1114112K
  class space    used 6380K, committed 7040K, reserved 1048576K
}
Event: 6.169 GC heap before
{Heap before GC invocations=256 (full 3):
 PSYoungGen      total 5632K, used 5297K [0x00000000d5580000, 0x00000000d5c80000, 0x0000000100000000)
  eden space 4096K, 100% used [0x00000000d5580000,0x00000000d5980000,0x00000000d5980000)
  from space 1536K, 78% used [0x00000000d5b00000,0x00000000d5c2c760,0x00000000d5c80000)
  to   space 1536K, 0% used [0x00000000d5980000,0x00000000d5980000,0x00000000d5b00000)
 ParOldGen       total 263168K, used 262761K [0x0000000080000000, 0x0000000090100000, 0x00000000d5580000)
  object space 263168K, 99% used [0x0000000080000000,0x000000009009a6a0,0x0000000090100000)
 Metaspace       used 58686K, committed 60096K, reserved 1114112K
  class space    used 6380K, committed 7040K, reserved 1048576K
}
Event: 6.169 GC heap after
{Heap after GC invocations=256 (full 3):
 PSYoungGen      total 5632K, used 1522K [0x00000000d5580000, 0x00000000d5e80000, 0x0000000100000000)
  eden space 4096K, 0% used [0x00000000d5580000,0x00000000d5580000,0x00000000d5980000)
  from space 1536K, 99% used [0x00000000d5980000,0x00000000d5afcba8,0x00000000d5b00000)
  to   space 2048K, 0% used [0x00000000d5c80000,0x00000000d5c80000,0x00000000d5e80000)
 ParOldGen       total 264192K, used 263949K [0x0000000080000000, 0x0000000090200000, 0x00000000d5580000)
  object space 264192K, 99% used [0x0000000080000000,0x00000000901c3718,0x0000000090200000)
 Metaspace       used 58686K, committed 60096K, reserved 1114112K
  class space    used 6380K, committed 7040K, reserved 1048576K
}
Event: 6.171 GC heap before
{Heap before GC invocations=257 (full 3):
 PSYoungGen      total 5632K, used 5618K [0x00000000d5580000, 0x00000000d5e80000, 0x0000000100000000)
  eden space 4096K, 100% used [0x00000000d5580000,0x00000000d5980000,0x00000000d5980000)
  from space 1536K, 99% used [0x00000000d5980000,0x00000000d5afcba8,0x00000000d5b00000)
  to   space 2048K, 0% used [0x00000000d5c80000,0x00000000d5c80000,0x00000000d5e80000)
 ParOldGen       total 264192K, used 263949K [0x0000000080000000, 0x0000000090200000, 0x00000000d5580000)
  object space 264192K, 99% used [0x0000000080000000,0x00000000901c3718,0x0000000090200000)
 Metaspace       used 58686K, committed 60096K, reserved 1114112K
  class space    used 6380K, committed 7040K, reserved 1048576K
}
Event: 6.172 GC heap after
{Heap after GC invocations=257 (full 3):
 PSYoungGen      total 7168K, used 1702K [0x00000000d5580000, 0x00000000d5e80000, 0x0000000100000000)
  eden space 5120K, 0% used [0x00000000d5580000,0x00000000d5580000,0x00000000d5a80000)
  from space 2048K, 83% used [0x00000000d5c80000,0x00000000d5e29988,0x00000000d5e80000)
  to   space 2048K, 0% used [0x00000000d5a80000,0x00000000d5a80000,0x00000000d5c80000)
 ParOldGen       total 265728K, used 265372K [0x0000000080000000, 0x0000000090380000, 0x00000000d5580000)
  object space 265728K, 99% used [0x0000000080000000,0x00000000903271b8,0x0000000090380000)
 Metaspace       used 58686K, committed 60096K, reserved 1114112K
  class space    used 6380K, committed 7040K, reserved 1048576K
}
Event: 6.175 GC heap before
{Heap before GC invocations=258 (full 3):
 PSYoungGen      total 7168K, used 6822K [0x00000000d5580000, 0x00000000d5e80000, 0x0000000100000000)
  eden space 5120K, 100% used [0x00000000d5580000,0x00000000d5a80000,0x00000000d5a80000)
  from space 2048K, 83% used [0x00000000d5c80000,0x00000000d5e29988,0x00000000d5e80000)
  to   space 2048K, 0% used [0x00000000d5a80000,0x00000000d5a80000,0x00000000d5c80000)
 ParOldGen       total 265728K, used 265372K [0x0000000080000000, 0x0000000090380000, 0x00000000d5580000)
  object space 265728K, 99% used [0x0000000080000000,0x00000000903271b8,0x0000000090380000)
 Metaspace       used 58686K, committed 60096K, reserved 1114112K
  class space    used 6380K, committed 7040K, reserved 1048576K
}
Event: 6.176 GC heap after
{Heap after GC invocations=258 (full 3):
 PSYoungGen      total 7168K, used 2030K [0x00000000d5580000, 0x00000000d6080000, 0x0000000100000000)
  eden space 5120K, 0% used [0x00000000d5580000,0x00000000d5580000,0x00000000d5a80000)
  from space 2048K, 99% used [0x00000000d5a80000,0x00000000d5c7b9b8,0x00000000d5c80000)
  to   space 2560K, 0% used [0x00000000d5e00000,0x00000000d5e00000,0x00000000d6080000)
 ParOldGen       total 267264K, used 266994K [0x0000000080000000, 0x0000000090500000, 0x00000000d5580000)
  object space 267264K, 99% used [0x0000000080000000,0x00000000904bc918,0x0000000090500000)
 Metaspace       used 58686K, committed 60096K, reserved 1114112K
  class space    used 6380K, committed 7040K, reserved 1048576K
}
Event: 6.178 GC heap before
{Heap before GC invocations=259 (full 3):
 PSYoungGen      total 7168K, used 7150K [0x00000000d5580000, 0x00000000d6080000, 0x0000000100000000)
  eden space 5120K, 100% used [0x00000000d5580000,0x00000000d5a80000,0x00000000d5a80000)
  from space 2048K, 99% used [0x00000000d5a80000,0x00000000d5c7b9b8,0x00000000d5c80000)
  to   space 2560K, 0% used [0x00000000d5e00000,0x00000000d5e00000,0x00000000d6080000)
 ParOldGen       total 267264K, used 266994K [0x0000000080000000, 0x0000000090500000, 0x00000000d5580000)
  object space 267264K, 99% used [0x0000000080000000,0x00000000904bc918,0x0000000090500000)
 Metaspace       used 58686K, committed 60096K, reserved 1114112K
  class space    used 6380K, committed 7040K, reserved 1048576K
}
Event: 6.179 GC heap after
{Heap after GC invocations=259 (full 3):
 PSYoungGen      total 8192K, used 1988K [0x00000000d5580000, 0x00000000d6000000, 0x0000000100000000)
  eden space 6144K, 0% used [0x00000000d5580000,0x00000000d5580000,0x00000000d5b80000)
  from space 2048K, 97% used [0x00000000d5e00000,0x00000000d5ff1100,0x00000000d6000000)
  to   space 2048K, 0% used [0x00000000d5c00000,0x00000000d5c00000,0x00000000d5e00000)
 ParOldGen       total 269312K, used 268827K [0x0000000080000000, 0x0000000090700000, 0x00000000d5580000)
  object space 269312K, 99% used [0x0000000080000000,0x0000000090686eb0,0x0000000090700000)
 Metaspace       used 58686K, committed 60096K, reserved 1114112K
  class space    used 6380K, committed 7040K, reserved 1048576K
}
Event: 6.183 GC heap before
{Heap before GC invocations=260 (full 3):
 PSYoungGen      total 8192K, used 8132K [0x00000000d5580000, 0x00000000d6000000, 0x0000000100000000)
  eden space 6144K, 100% used [0x00000000d5580000,0x00000000d5b80000,0x00000000d5b80000)
  from space 2048K, 97% used [0x00000000d5e00000,0x00000000d5ff1100,0x00000000d6000000)
  to   space 2048K, 0% used [0x00000000d5c00000,0x00000000d5c00000,0x00000000d5e00000)
 ParOldGen       total 269312K, used 268827K [0x0000000080000000, 0x0000000090700000, 0x00000000d5580000)
  object space 269312K, 99% used [0x0000000080000000,0x0000000090686eb0,0x0000000090700000)
 Metaspace       used 58686K, committed 60096K, reserved 1114112K
  class space    used 6380K, committed 7040K, reserved 1048576K
}
Event: 6.184 GC heap after
{Heap after GC invocations=260 (full 3):
 PSYoungGen      total 8704K, used 2035K [0x00000000d5580000, 0x00000000d6700000, 0x0000000100000000)
  eden space 6656K, 0% used [0x00000000d5580000,0x00000000d5580000,0x00000000d5c00000)
  from space 2048K, 99% used [0x00000000d5c00000,0x00000000d5dfcd70,0x00000000d5e00000)
  to   space 5120K, 0% used [0x00000000d6200000,0x00000000d6200000,0x00000000d6700000)
 ParOldGen       total 271360K, used 271247K [0x0000000080000000, 0x0000000090900000, 0x00000000d5580000)
  object space 271360K, 99% used [0x0000000080000000,0x00000000908e3c98,0x0000000090900000)
 Metaspace       used 58686K, committed 60096K, reserved 1114112K
  class space    used 6380K, committed 7040K, reserved 1048576K
}
Event: 6.188 GC heap before
{Heap before GC invocations=261 (full 3):
 PSYoungGen      total 8704K, used 8691K [0x00000000d5580000, 0x00000000d6700000, 0x0000000100000000)
  eden space 6656K, 100% used [0x00000000d5580000,0x00000000d5c00000,0x00000000d5c00000)
  from space 2048K, 99% used [0x00000000d5c00000,0x00000000d5dfcd70,0x00000000d5e00000)
  to   space 5120K, 0% used [0x00000000d6200000,0x00000000d6200000,0x00000000d6700000)
 ParOldGen       total 271360K, used 271247K [0x0000000080000000, 0x0000000090900000, 0x00000000d5580000)
  object space 271360K, 99% used [0x0000000080000000,0x00000000908e3c98,0x0000000090900000)
 Metaspace       used 58686K, committed 60096K, reserved 1114112K
  class space    used 6380K, committed 7040K, reserved 1048576K
}

