# JRE version: OpenJDK Runtime Environment Temurin-21.0.8+9 (21.0.8+9) (build 21.0.8+9-LTS)
# Java VM: OpenJDK 64-Bit Server VM Temurin-21.0.8+9 (21.0.8+9-LTS, mixed mode, sharing, tiered, compressed oops, compressed class ptrs, parallel gc, windows-amd64)
GC Precious Log:
 CardTable entry size: 512
 CPUs: 12 total, 12 available
 Memory: 16298M
 Large Page Support: Disabled
 NUMA Support: Disabled
 Compressed Oops: Enabled (32-bit)
 Alignments: Space 512K, Generation 512K, Heap 2M
 Heap Min Capacity: 100M
 Heap Initial Capacity: 100M
 Heap Max Capacity: 2G
 Pre-touch: Disabled
 Parallel Workers: 10
Heap:
 PSYoungGen      total 11264K, used 3061K [0x00000000d5580000, 0x00000000d6400000, 0x0000000100000000)
  eden space 8192K, 0% used [0x00000000d5580000,0x00000000d5580000,0x00000000d5d80000)
  from space 3072K, 99% used [0x00000000d6100000,0x00000000d63fd690,0x00000000d6400000)
  to   space 3072K, 0% used [0x00000000d5d80000,0x00000000d5d80000,0x00000000d6080000)
 ParOldGen       total 319488K, used 319001K [0x0000000080000000, 0x0000000093800000, 0x00000000d5580000)
  object space 319488K, 99% used [0x0000000080000000,0x00000000937866f8,0x0000000093800000)
 Metaspace       used 63448K, committed 64768K, reserved 1114112K
  class space    used 6963K, committed 7552K, reserved 1048576K
GC Heap History (20 events):
Event: 23.528 GC heap after
{Heap after GC invocations=259 (full 3):
 PSYoungGen      total 6144K, used 1528K [0x00000000d5580000, 0x00000000d5e80000, 0x0000000100000000)
  eden space 4608K, 0% used [0x00000000d5580000,0x00000000d5580000,0x00000000d5a00000)
  from space 1536K, 99% used [0x00000000d5c00000,0x00000000d5d7e350,0x00000000d5d80000)
  to   space 2048K, 0% used [0x00000000d5a00000,0x00000000d5a00000,0x00000000d5c00000)
 ParOldGen       total 290816K, used 290802K [0x0000000080000000, 0x0000000091c00000, 0x00000000d5580000)
  object space 290816K, 99% used [0x0000000080000000,0x0000000091bfcb40,0x0000000091c00000)
 Metaspace       used 63413K, committed 64768K, reserved 1114112K
  class space    used 6959K, committed 7552K, reserved 1048576K
}
Event: 23.531 GC heap before
{Heap before GC invocations=260 (full 3):
 PSYoungGen      total 6144K, used 6136K [0x00000000d5580000, 0x00000000d5e80000, 0x0000000100000000)
  eden space 4608K, 100% used [0x00000000d5580000,0x00000000d5a00000,0x00000000d5a00000)
  from space 1536K, 99% used [0x00000000d5c00000,0x00000000d5d7e350,0x00000000d5d80000)
  to   space 2048K, 0% used [0x00000000d5a00000,0x00000000d5a00000,0x00000000d5c00000)
 ParOldGen       total 290816K, used 290802K [0x0000000080000000, 0x0000000091c00000, 0x00000000d5580000)
  object space 290816K, 99% used [0x0000000080000000,0x0000000091bfcb40,0x0000000091c00000)
 Metaspace       used 63413K, committed 64768K, reserved 1114112K
  class space    used 6959K, committed 7552K, reserved 1048576K
}
Event: 23.532 GC heap after
{Heap after GC invocations=260 (full 3):
 PSYoungGen      total 6656K, used 1886K [0x00000000d5580000, 0x00000000d5f00000, 0x0000000100000000)
  eden space 4608K, 0% used [0x00000000d5580000,0x00000000d5580000,0x00000000d5a00000)
  from space 2048K, 92% used [0x00000000d5a00000,0x00000000d5bd7ab8,0x00000000d5c00000)
  to   space 2048K, 0% used [0x00000000d5d00000,0x00000000d5d00000,0x00000000d5f00000)
 ParOldGen       total 292352K, used 292192K [0x0000000080000000, 0x0000000091d80000, 0x00000000d5580000)
  object space 292352K, 99% used [0x0000000080000000,0x0000000091d58200,0x0000000091d80000)
 Metaspace       used 63413K, committed 64768K, reserved 1114112K
  class space    used 6959K, committed 7552K, reserved 1048576K
}
Event: 23.536 GC heap before
{Heap before GC invocations=261 (full 3):
 PSYoungGen      total 6656K, used 6489K [0x00000000d5580000, 0x00000000d5f00000, 0x0000000100000000)
  eden space 4608K, 99% used [0x00000000d5580000,0x00000000d59feaf0,0x00000000d5a00000)
  from space 2048K, 92% used [0x00000000d5a00000,0x00000000d5bd7ab8,0x00000000d5c00000)
  to   space 2048K, 0% used [0x00000000d5d00000,0x00000000d5d00000,0x00000000d5f00000)
 ParOldGen       total 292352K, used 292192K [0x0000000080000000, 0x0000000091d80000, 0x00000000d5580000)
  object space 292352K, 99% used [0x0000000080000000,0x0000000091d58200,0x0000000091d80000)
 Metaspace       used 63413K, committed 64768K, reserved 1114112K
  class space    used 6959K, committed 7552K, reserved 1048576K
}
Event: 23.537 GC heap after
{Heap after GC invocations=261 (full 3):
 PSYoungGen      total 7680K, used 1939K [0x00000000d5580000, 0x00000000d5f00000, 0x0000000100000000)
  eden space 5632K, 0% used [0x00000000d5580000,0x00000000d5580000,0x00000000d5b00000)
  from space 2048K, 94% used [0x00000000d5d00000,0x00000000d5ee4cc0,0x00000000d5f00000)
  to   space 2048K, 0% used [0x00000000d5b00000,0x00000000d5b00000,0x00000000d5d00000)
 ParOldGen       total 293888K, used 293840K [0x0000000080000000, 0x0000000091f00000, 0x00000000d5580000)
  object space 293888K, 99% used [0x0000000080000000,0x0000000091ef41d0,0x0000000091f00000)
 Metaspace       used 63413K, committed 64768K, reserved 1114112K
  class space    used 6959K, committed 7552K, reserved 1048576K
}
Event: 23.541 GC heap before
{Heap before GC invocations=262 (full 3):
 PSYoungGen      total 7680K, used 7550K [0x00000000d5580000, 0x00000000d5f00000, 0x0000000100000000)
  eden space 5632K, 99% used [0x00000000d5580000,0x00000000d5afacf0,0x00000000d5b00000)
  from space 2048K, 94% used [0x00000000d5d00000,0x00000000d5ee4cc0,0x00000000d5f00000)
  to   space 2048K, 0% used [0x00000000d5b00000,0x00000000d5b00000,0x00000000d5d00000)
 ParOldGen       total 293888K, used 293840K [0x0000000080000000, 0x0000000091f00000, 0x00000000d5580000)
  object space 293888K, 99% used [0x0000000080000000,0x0000000091ef41d0,0x0000000091f00000)
 Metaspace       used 63413K, committed 64768K, reserved 1114112K
  class space    used 6959K, committed 7552K, reserved 1048576K
}
Event: 23.542 GC heap after
{Heap after GC invocations=262 (full 3):
 PSYoungGen      total 7680K, used 2023K [0x00000000d5580000, 0x00000000d6580000, 0x0000000100000000)
  eden space 5632K, 0% used [0x00000000d5580000,0x00000000d5580000,0x00000000d5b00000)
  from space 2048K, 98% used [0x00000000d5b00000,0x00000000d5cf9fe0,0x00000000d5d00000)
  to   space 4608K, 0% used [0x00000000d6100000,0x00000000d6100000,0x00000000d6580000)
 ParOldGen       total 295936K, used 295730K [0x0000000080000000, 0x0000000092100000, 0x00000000d5580000)
  object space 295936K, 99% used [0x0000000080000000,0x00000000920ccbf0,0x0000000092100000)
 Metaspace       used 63413K, committed 64768K, reserved 1114112K
  class space    used 6959K, committed 7552K, reserved 1048576K
}
Event: 23.546 GC heap before
{Heap before GC invocations=263 (full 3):
 PSYoungGen      total 7680K, used 7598K [0x00000000d5580000, 0x00000000d6580000, 0x0000000100000000)
  eden space 5632K, 98% used [0x00000000d5580000,0x00000000d5af1ad8,0x00000000d5b00000)
  from space 2048K, 98% used [0x00000000d5b00000,0x00000000d5cf9fe0,0x00000000d5d00000)
  to   space 4608K, 0% used [0x00000000d6100000,0x00000000d6100000,0x00000000d6580000)
 ParOldGen       total 295936K, used 295730K [0x0000000080000000, 0x0000000092100000, 0x00000000d5580000)
  object space 295936K, 99% used [0x0000000080000000,0x00000000920ccbf0,0x0000000092100000)
 Metaspace       used 63413K, committed 64768K, reserved 1114112K
  class space    used 6959K, committed 7552K, reserved 1048576K
}
Event: 23.547 GC heap after
{Heap after GC invocations=263 (full 3):
 PSYoungGen      total 9728K, used 2361K [0x00000000d5580000, 0x00000000d6380000, 0x0000000100000000)
  eden space 7168K, 0% used [0x00000000d5580000,0x00000000d5580000,0x00000000d5c80000)
  from space 2560K, 92% used [0x00000000d6100000,0x00000000d634e770,0x00000000d6380000)
  to   space 3072K, 0% used [0x00000000d5d80000,0x00000000d5d80000,0x00000000d6080000)
 ParOldGen       total 297984K, used 297645K [0x0000000080000000, 0x0000000092300000, 0x00000000d5580000)
  object space 297984K, 99% used [0x0000000080000000,0x00000000922ab418,0x0000000092300000)
 Metaspace       used 63413K, committed 64768K, reserved 1114112K
  class space    used 6959K, committed 7552K, reserved 1048576K
}
Event: 23.552 GC heap before
{Heap before GC invocations=264 (full 3):
 PSYoungGen      total 9728K, used 9529K [0x00000000d5580000, 0x00000000d6380000, 0x0000000100000000)
  eden space 7168K, 100% used [0x00000000d5580000,0x00000000d5c80000,0x00000000d5c80000)
  from space 2560K, 92% used [0x00000000d6100000,0x00000000d634e770,0x00000000d6380000)
  to   space 3072K, 0% used [0x00000000d5d80000,0x00000000d5d80000,0x00000000d6080000)
 ParOldGen       total 297984K, used 297645K [0x0000000080000000, 0x0000000092300000, 0x00000000d5580000)
  object space 297984K, 99% used [0x0000000080000000,0x00000000922ab418,0x0000000092300000)
 Metaspace       used 63413K, committed 64768K, reserved 1114112K
  class space    used 6959K, committed 7552K, reserved 1048576K
}
Event: 23.554 GC heap after
{Heap after GC invocations=264 (full 3):
 PSYoungGen      total 11264K, used 2956K [0x00000000d5580000, 0x00000000d6500000, 0x0000000100000000)
  eden space 8192K, 0% used [0x00000000d5580000,0x00000000d5580000,0x00000000d5d80000)
  from space 3072K, 96% used [0x00000000d5d80000,0x00000000d60631d8,0x00000000d6080000)
  to   space 3584K, 0% used [0x00000000d6180000,0x00000000d6180000,0x00000000d6500000)
 ParOldGen       total 300032K, used 299793K [0x0000000080000000, 0x0000000092500000, 0x00000000d5580000)
  object space 300032K, 99% used [0x0000000080000000,0x00000000924c45e0,0x0000000092500000)
 Metaspace       used 63413K, committed 64768K, reserved 1114112K
  class space    used 6959K, committed 7552K, reserved 1048576K
}
Event: 23.559 GC heap before
{Heap before GC invocations=265 (full 3):
 PSYoungGen      total 11264K, used 11133K [0x00000000d5580000, 0x00000000d6500000, 0x0000000100000000)
  eden space 8192K, 99% used [0x00000000d5580000,0x00000000d5d7c2c8,0x00000000d5d80000)
  from space 3072K, 96% used [0x00000000d5d80000,0x00000000d60631d8,0x00000000d6080000)
  to   space 3584K, 0% used [0x00000000d6180000,0x00000000d6180000,0x00000000d6500000)
 ParOldGen       total 300032K, used 299793K [0x0000000080000000, 0x0000000092500000, 0x00000000d5580000)
  object space 300032K, 99% used [0x0000000080000000,0x00000000924c45e0,0x0000000092500000)
 Metaspace       used 63413K, committed 64768K, reserved 1114112K
  class space    used 6959K, committed 7552K, reserved 1048576K
}
Event: 23.561 GC heap after
{Heap after GC invocations=265 (full 3):
 PSYoungGen      total 11776K, used 3486K [0x00000000d5580000, 0x00000000d6580000, 0x0000000100000000)
  eden space 8192K, 0% used [0x00000000d5580000,0x00000000d5580000,0x00000000d5d80000)
  from space 3584K, 97% used [0x00000000d6180000,0x00000000d64e7900,0x00000000d6500000)
  to   space 4096K, 0% used [0x00000000d5d80000,0x00000000d5d80000,0x00000000d6180000)
 ParOldGen       total 303104K, used 302627K [0x0000000080000000, 0x0000000092800000, 0x00000000d5580000)
  object space 303104K, 99% used [0x0000000080000000,0x0000000092788c00,0x0000000092800000)
 Metaspace       used 63413K, committed 64768K, reserved 1114112K
  class space    used 6959K, committed 7552K, reserved 1048576K
}
Event: 23.567 GC heap before
{Heap before GC invocations=266 (full 3):
 PSYoungGen      total 11776K, used 11678K [0x00000000d5580000, 0x00000000d6580000, 0x0000000100000000)
  eden space 8192K, 100% used [0x00000000d5580000,0x00000000d5d80000,0x00000000d5d80000)
  from space 3584K, 97% used [0x00000000d6180000,0x00000000d64e7900,0x00000000d6500000)
  to   space 4096K, 0% used [0x00000000d5d80000,0x00000000d5d80000,0x00000000d6180000)
 ParOldGen       total 303104K, used 302627K [0x0000000080000000, 0x0000000092800000, 0x00000000d5580000)
  object space 303104K, 99% used [0x0000000080000000,0x0000000092788c00,0x0000000092800000)
 Metaspace       used 63413K, committed 64768K, reserved 1114112K
  class space    used 6959K, committed 7552K, reserved 1048576K
}
Event: 23.568 GC heap after
{Heap after GC invocations=266 (full 3):
 PSYoungGen      total 11264K, used 3019K [0x00000000d5580000, 0x00000000d6480000, 0x0000000100000000)
  eden space 8192K, 0% used [0x00000000d5580000,0x00000000d5580000,0x00000000d5d80000)
  from space 3072K, 98% used [0x00000000d5d80000,0x00000000d6072e58,0x00000000d6080000)
  to   space 3584K, 0% used [0x00000000d6100000,0x00000000d6100000,0x00000000d6480000)
 ParOldGen       total 306176K, used 305955K [0x0000000080000000, 0x0000000092b00000, 0x00000000d5580000)
  object space 306176K, 99% used [0x0000000080000000,0x0000000092ac8c00,0x0000000092b00000)
 Metaspace       used 63413K, committed 64768K, reserved 1114112K
  class space    used 6959K, committed 7552K, reserved 1048576K
}
Event: 23.619 GC heap before
{Heap before GC invocations=267 (full 3):
 PSYoungGen      total 11264K, used 11211K [0x00000000d5580000, 0x00000000d6480000, 0x0000000100000000)
  eden space 8192K, 100% used [0x00000000d5580000,0x00000000d5d80000,0x00000000d5d80000)
  from space 3072K, 98% used [0x00000000d5d80000,0x00000000d6072e58,0x00000000d6080000)
  to   space 3584K, 0% used [0x00000000d6100000,0x00000000d6100000,0x00000000d6480000)
 ParOldGen       total 306176K, used 305955K [0x0000000080000000, 0x0000000092b00000, 0x00000000d5580000)
  object space 306176K, 99% used [0x0000000080000000,0x0000000092ac8c00,0x0000000092b00000)
 Metaspace       used 63423K, committed 64768K, reserved 1114112K
  class space    used 6959K, committed 7552K, reserved 1048576K
}
Event: 23.620 GC heap after
{Heap after GC invocations=267 (full 3):
 PSYoungGen      total 11264K, used 2667K [0x00000000d5580000, 0x00000000d6400000, 0x0000000100000000)
  eden space 8192K, 0% used [0x00000000d5580000,0x00000000d5580000,0x00000000d5d80000)
  from space 3072K, 86% used [0x00000000d6100000,0x00000000d639af18,0x00000000d6400000)
  to   space 3072K, 0% used [0x00000000d5d80000,0x00000000d5d80000,0x00000000d6080000)
 ParOldGen       total 309248K, used 308868K [0x0000000080000000, 0x0000000092e00000, 0x00000000d5580000)
  object space 309248K, 99% used [0x0000000080000000,0x0000000092da1060,0x0000000092e00000)
 Metaspace       used 63423K, committed 64768K, reserved 1114112K
  class space    used 6959K, committed 7552K, reserved 1048576K
}
Event: 23.689 GC heap before
{Heap before GC invocations=268 (full 3):
 PSYoungGen      total 11264K, used 10859K [0x00000000d5580000, 0x00000000d6400000, 0x0000000100000000)
  eden space 8192K, 100% used [0x00000000d5580000,0x00000000d5d80000,0x00000000d5d80000)
  from space 3072K, 86% used [0x00000000d6100000,0x00000000d639af18,0x00000000d6400000)
  to   space 3072K, 0% used [0x00000000d5d80000,0x00000000d5d80000,0x00000000d6080000)
 ParOldGen       total 309248K, used 308868K [0x0000000080000000, 0x0000000092e00000, 0x00000000d5580000)
  object space 309248K, 99% used [0x0000000080000000,0x0000000092da1060,0x0000000092e00000)
 Metaspace       used 63427K, committed 64768K, reserved 1114112K
  class space    used 6960K, committed 7552K, reserved 1048576K
}
Event: 24.708 GC heap after
{Heap after GC invocations=268 (full 3):
 PSYoungGen      total 11264K, used 3059K [0x00000000d5580000, 0x00000000d6400000, 0x0000000100000000)
  eden space 8192K, 0% used [0x00000000d5580000,0x00000000d5580000,0x00000000d5d80000)
  from space 3072K, 99% used [0x00000000d5d80000,0x00000000d607cc00,0x00000000d6080000)
  to   space 3072K, 0% used [0x00000000d6100000,0x00000000d6100000,0x00000000d6400000)
 ParOldGen       total 313344K, used 313205K [0x0000000080000000, 0x0000000093200000, 0x00000000d5580000)
  object space 313344K, 99% used [0x0000000080000000,0x00000000931dd698,0x0000000093200000)
 Metaspace       used 63427K, committed 64768K, reserved 1114112K
  class space    used 6960K, committed 7552K, reserved 1048576K
}
Event: 24.785 GC heap before
{Heap before GC invocations=269 (full 3):
 PSYoungGen      total 11264K, used 11243K [0x00000000d5580000, 0x00000000d6400000, 0x0000000100000000)
  eden space 8192K, 99% used [0x00000000d5580000,0x00000000d5d7e360,0x00000000d5d80000)
  from space 3072K, 99% used [0x00000000d5d80000,0x00000000d607cc00,0x00000000d6080000)
  to   space 3072K, 0% used [0x00000000d6100000,0x00000000d6100000,0x00000000d6400000)
 ParOldGen       total 313344K, used 313205K [0x0000000080000000, 0x0000000093200000, 0x00000000d5580000)
  object space 313344K, 99% used [0x0000000080000000,0x00000000931dd698,0x0000000093200000)
 Metaspace       used 63448K, committed 64768K, reserved 1114112K
  class space    used 6963K, committed 7552K, reserved 1048576K
}

